<?xml version="1.0" encoding="utf-8" standalone="no"?>
<!--This file represents the results of running a test suite-->
<test-results name="E:\Selenium\Frilp\Frilp\bin\Debug\Frilp.exe" total="1" errors="0" failures="0" not-run="0" inconclusive="0" ignored="0" skipped="0" invalid="0" date="2014-05-09" time="01:11:42">
  <environment nunit-version="2.6.3.13283" clr-version="2.0.50727.8000" os-version="Microsoft Windows NT 6.2.9200.0" platform="Win32NT" cwd="C:\Program Files (x86)\NUnit 2.6.3\bin" machine-name="VAIO" user="Manishankar" user-domain="VAIO" />
  <culture-info current-culture="en-IN" current-uiculture="en-US" />
  <test-suite type="Assembly" name="E:\Selenium\Frilp\Frilp\bin\Debug\Frilp.exe" executed="True" result="Success" success="True" time="88.537" asserts="0">
    <results>
      <test-suite type="Namespace" name="Frilp" executed="True" result="Success" success="True" time="88.518" asserts="0">
        <results>
          <test-suite type="GenericFixture" name="LeftNavigationTest&lt;TWebDriver&gt;" executed="True" result="Success" success="True" time="88.518" asserts="0">
            <results>
              <test-suite type="TestFixture" name="LeftNavigationTest&lt;FirefoxDriver&gt;" executed="True" result="Success" success="True" time="88.515" asserts="0">
                <results>
                  <test-case name="Frilp.LeftNavigationTest&lt;FirefoxDriver&gt;.HomeandEssentialServicesTest" executed="True" result="Success" success="True" time="88.494" asserts="1" />
                </results>
              </test-suite>
            </results>
          </test-suite>
        </results>
      </test-suite>
    </results>
  </test-suite>
</test-results>